<?xml version="1.0" encoding="UTF-8"?>
<!-- Generated by org.testng.reporters.JUnitReportReporter -->
<testsuite skipped="0" hostname="qapitol-ThinkPad-L470" name="com.employee.EmployeeManagementTest" tests="3" failures="0" timestamp="12 Jul 2019 07:06:38 GMT" time="0.502" errors="0">
  <testcase name="verifyEmployeeCreation" time="0.414" classname="com.employee.EmployeeManagementTest"/>
  <testcase name="updateEmployeeAndValidate" time="0.059" classname="com.employee.EmployeeManagementTest"/>
  <testcase name="deleteEmployeeAndValidate" time="0.029" classname="com.employee.EmployeeManagementTest"/>
</testsuite> <!-- com.employee.EmployeeManagementTest -->
